CRITICAL - 2022-01-26 07:12:47 --> Call to a member function stop() on string
#0 C:\Users\fathurwalkers\Desktop\htdocs\aplikasi-tugas-besar\system\CodeIgniter.php(825): App\Controllers\Dashboard->logout()
#1 C:\Users\fathurwalkers\Desktop\htdocs\aplikasi-tugas-besar\system\CodeIgniter.php(412): CodeIgniter\CodeIgniter->runController(Object(App\Controllers\Dashboard))
#2 C:\Users\fathurwalkers\Desktop\htdocs\aplikasi-tugas-besar\system\CodeIgniter.php(320): CodeIgniter\CodeIgniter->handleRequest(NULL, Object(Config\Cache), false)
#3 C:\Users\fathurwalkers\Desktop\htdocs\aplikasi-tugas-besar\public\index.php(37): CodeIgniter\CodeIgniter->run()
#4 {main}
CRITICAL - 2022-01-26 07:12:56 --> Call to a member function stop() on string
#0 C:\Users\fathurwalkers\Desktop\htdocs\aplikasi-tugas-besar\system\CodeIgniter.php(825): App\Controllers\Dashboard->logout()
#1 C:\Users\fathurwalkers\Desktop\htdocs\aplikasi-tugas-besar\system\CodeIgniter.php(412): CodeIgniter\CodeIgniter->runController(Object(App\Controllers\Dashboard))
#2 C:\Users\fathurwalkers\Desktop\htdocs\aplikasi-tugas-besar\system\CodeIgniter.php(320): CodeIgniter\CodeIgniter->handleRequest(NULL, Object(Config\Cache), false)
#3 C:\Users\fathurwalkers\Desktop\htdocs\aplikasi-tugas-besar\public\index.php(37): CodeIgniter\CodeIgniter->run()
#4 {main}
CRITICAL - 2022-01-26 07:17:56 --> Call to a member function stop() on string
#0 C:\Users\fathurwalkers\Desktop\htdocs\aplikasi-tugas-besar\system\CodeIgniter.php(825): App\Controllers\Dashboard->login()
#1 C:\Users\fathurwalkers\Desktop\htdocs\aplikasi-tugas-besar\system\CodeIgniter.php(412): CodeIgniter\CodeIgniter->runController(Object(App\Controllers\Dashboard))
#2 C:\Users\fathurwalkers\Desktop\htdocs\aplikasi-tugas-besar\system\CodeIgniter.php(320): CodeIgniter\CodeIgniter->handleRequest(NULL, Object(Config\Cache), false)
#3 C:\Users\fathurwalkers\Desktop\htdocs\aplikasi-tugas-besar\public\index.php(37): CodeIgniter\CodeIgniter->run()
#4 {main}
CRITICAL - 2022-01-26 07:18:02 --> Call to a member function stop() on string
#0 C:\Users\fathurwalkers\Desktop\htdocs\aplikasi-tugas-besar\system\CodeIgniter.php(825): App\Controllers\Dashboard->login()
#1 C:\Users\fathurwalkers\Desktop\htdocs\aplikasi-tugas-besar\system\CodeIgniter.php(412): CodeIgniter\CodeIgniter->runController(Object(App\Controllers\Dashboard))
#2 C:\Users\fathurwalkers\Desktop\htdocs\aplikasi-tugas-besar\system\CodeIgniter.php(320): CodeIgniter\CodeIgniter->handleRequest(NULL, Object(Config\Cache), false)
#3 C:\Users\fathurwalkers\Desktop\htdocs\aplikasi-tugas-besar\public\index.php(37): CodeIgniter\CodeIgniter->run()
#4 {main}
CRITICAL - 2022-01-26 07:18:02 --> Call to a member function stop() on string
#0 C:\Users\fathurwalkers\Desktop\htdocs\aplikasi-tugas-besar\system\CodeIgniter.php(825): App\Controllers\Dashboard->login()
#1 C:\Users\fathurwalkers\Desktop\htdocs\aplikasi-tugas-besar\system\CodeIgniter.php(412): CodeIgniter\CodeIgniter->runController(Object(App\Controllers\Dashboard))
#2 C:\Users\fathurwalkers\Desktop\htdocs\aplikasi-tugas-besar\system\CodeIgniter.php(320): CodeIgniter\CodeIgniter->handleRequest(NULL, Object(Config\Cache), false)
#3 C:\Users\fathurwalkers\Desktop\htdocs\aplikasi-tugas-besar\public\index.php(37): CodeIgniter\CodeIgniter->run()
#4 {main}
CRITICAL - 2022-01-26 07:19:01 --> Call to a member function stop() on string
#0 C:\Users\fathurwalkers\Desktop\htdocs\aplikasi-tugas-besar\system\CodeIgniter.php(825): App\Controllers\Dashboard->login()
#1 C:\Users\fathurwalkers\Desktop\htdocs\aplikasi-tugas-besar\system\CodeIgniter.php(412): CodeIgniter\CodeIgniter->runController(Object(App\Controllers\Dashboard))
#2 C:\Users\fathurwalkers\Desktop\htdocs\aplikasi-tugas-besar\system\CodeIgniter.php(320): CodeIgniter\CodeIgniter->handleRequest(NULL, Object(Config\Cache), false)
#3 C:\Users\fathurwalkers\Desktop\htdocs\aplikasi-tugas-besar\public\index.php(37): CodeIgniter\CodeIgniter->run()
#4 {main}
CRITICAL - 2022-01-26 07:20:57 --> Call to undefined method CodeIgniter\Session\Session::unset()
#0 C:\Users\fathurwalkers\Desktop\htdocs\aplikasi-tugas-besar\system\CodeIgniter.php(825): App\Controllers\Dashboard->login()
#1 C:\Users\fathurwalkers\Desktop\htdocs\aplikasi-tugas-besar\system\CodeIgniter.php(412): CodeIgniter\CodeIgniter->runController(Object(App\Controllers\Dashboard))
#2 C:\Users\fathurwalkers\Desktop\htdocs\aplikasi-tugas-besar\system\CodeIgniter.php(320): CodeIgniter\CodeIgniter->handleRequest(NULL, Object(Config\Cache), false)
#3 C:\Users\fathurwalkers\Desktop\htdocs\aplikasi-tugas-besar\public\index.php(37): CodeIgniter\CodeIgniter->run()
#4 {main}
CRITICAL - 2022-01-26 12:20:12 --> Class 'Faker\Factory' not found
#0 C:\Users\fathurwalkers\Desktop\htdocs\aplikasi-tugas-besar\system\CodeIgniter.php(802): App\Controllers\Generate->__construct()
#1 C:\Users\fathurwalkers\Desktop\htdocs\aplikasi-tugas-besar\system\CodeIgniter.php(403): CodeIgniter\CodeIgniter->createController()
#2 C:\Users\fathurwalkers\Desktop\htdocs\aplikasi-tugas-besar\system\CodeIgniter.php(320): CodeIgniter\CodeIgniter->handleRequest(NULL, Object(Config\Cache), false)
#3 C:\Users\fathurwalkers\Desktop\htdocs\aplikasi-tugas-besar\public\index.php(37): CodeIgniter\CodeIgniter->run()
#4 {main}
CRITICAL - 2022-01-26 12:20:24 --> Class 'Faker\Factory' not found
#0 C:\Users\fathurwalkers\Desktop\htdocs\aplikasi-tugas-besar\system\CodeIgniter.php(802): App\Controllers\Generate->__construct()
#1 C:\Users\fathurwalkers\Desktop\htdocs\aplikasi-tugas-besar\system\CodeIgniter.php(403): CodeIgniter\CodeIgniter->createController()
#2 C:\Users\fathurwalkers\Desktop\htdocs\aplikasi-tugas-besar\system\CodeIgniter.php(320): CodeIgniter\CodeIgniter->handleRequest(NULL, Object(Config\Cache), false)
#3 C:\Users\fathurwalkers\Desktop\htdocs\aplikasi-tugas-besar\public\index.php(37): CodeIgniter\CodeIgniter->run()
#4 {main}
